<?xml version="1.0" encoding="utf-8" standalone="no"?>
<!--This file represents the results of running a test suite-->
<test-results name="C:\hsarch\private\prod\src\nhin2\bin\debug\dnsResolverTests.dll" total="3" errors="0" failures="0" not-run="0" inconclusive="0" ignored="0" skipped="0" invalid="0" date="2010-07-12" time="10:44:31">
  <environment nunit-version="2.5.5.10112" clr-version="2.0.50727.4927" os-version="Microsoft Windows NT 6.1.7600.0" platform="Win32NT" cwd="C:\hsarch\public\ext\nunit\2.5.5\bin\net-2.0" machine-name="UMESHMA4" user="umeshma" user-domain="NORTHAMERICA" />
  <culture-info current-culture="en-US" current-uiculture="en-US" />
  <test-suite type="Assembly" name="C:\hsarch\private\prod\src\nhin2\bin\debug\dnsResolverTests.dll" executed="True" result="Success" success="True" time="0.391" asserts="0">
    <results>
      <test-suite type="Namespace" name="DnsResolverTests" executed="True" result="Success" success="True" time="0.386" asserts="0">
        <results>
          <test-suite type="TestFixture" name="BasicResolverTests" executed="True" result="Success" success="True" time="0.385" asserts="0">
            <results>
              <test-case name="DnsResolverTests.BasicResolverTests.TestA" executed="True" result="Success" success="True" time="0.150" asserts="0" />
              <test-case name="DnsResolverTests.BasicResolverTests.TestCert" executed="True" result="Success" success="True" time="0.162" asserts="0" />
              <test-case name="DnsResolverTests.BasicResolverTests.TestMX" executed="True" result="Success" success="True" time="0.066" asserts="0" />
            </results>
          </test-suite>
        </results>
      </test-suite>
    </results>
  </test-suite>
</test-results>